modules/react-native-background-runner/android/build/intermediates/manifest_merge_blame_file/debug/processDebugManifest/manifest-merger-blame-debug-report.txt
1<?xml version="1.0" encoding="utf-8"?>
2<manifest xmlns:android="http://schemas.android.com/apk/res/android"
3    xmlns:tools="http://schemas.android.com/tools"
4    package="expo.modules.backgroundrunner" >
5
6    <uses-sdk android:minSdkVersion="24" />
7
8    <uses-permission android:name="android.permission.FOREGROUND_SERVICE" />
8-->src/main/AndroidManifest.xml:4:3-75
8-->src/main/AndroidManifest.xml:4:20-72
9    <uses-permission android:name="android.permission.FOREGROUND_SERVICE_DATA_SYNC" />
9-->src/main/AndroidManifest.xml:5:3-85
9-->src/main/AndroidManifest.xml:5:20-82
10    <uses-permission android:name="android.permission.POST_NOTIFICATIONS" />
10-->src/main/AndroidManifest.xml:6:3-75
10-->src/main/AndroidManifest.xml:6:20-72
11    <uses-permission android:name="android.permission.SCHEDULE_EXACT_ALARM" />
11-->src/main/AndroidManifest.xml:7:3-77
11-->src/main/AndroidManifest.xml:7:20-74
12    <uses-permission android:name="android.permission.WAKE_LOCK" />
12-->src/main/AndroidManifest.xml:8:3-66
12-->src/main/AndroidManifest.xml:8:20-63
13    <uses-permission android:name="android.permission.REQUEST_IGNORE_BATTERY_OPTIMIZATIONS" />
13-->src/main/AndroidManifest.xml:9:3-93
13-->src/main/AndroidManifest.xml:9:20-90
14    <uses-permission android:name="android.permission.RECEIVE_BOOT_COMPLETED" />
14-->src/main/AndroidManifest.xml:10:3-79
14-->src/main/AndroidManifest.xml:10:20-76
15
16    <application>
16-->src/main/AndroidManifest.xml:13:3-49:17
17        <meta-data
17-->src/main/AndroidManifest.xml:14:5-16:53
18            android:name="expo.modules.backgroundrunner.NOTIFICATION_CHANNEL"
18-->src/main/AndroidManifest.xml:15:9-74
19            android:value="background_runner_channel" />
19-->src/main/AndroidManifest.xml:16:9-50
20
21        <service
21-->src/main/AndroidManifest.xml:18:5-23:52
22            android:name="expo.modules.backgroundrunner.BackgroundRunnerService"
22-->src/main/AndroidManifest.xml:19:7-46
23            android:enabled="true"
23-->src/main/AndroidManifest.xml:20:7-29
24            android:exported="false"
24-->src/main/AndroidManifest.xml:21:7-31
25            android:foregroundServiceType="dataSync"
25-->src/main/AndroidManifest.xml:22:7-47
26            tools:ignore="ForegroundServicePermission" />
26-->src/main/AndroidManifest.xml:23:7-49
27        <service
27-->src/main/AndroidManifest.xml:25:5-28:34
28            android:name="expo.modules.backgroundrunner.BackgroundRunnerTaskService"
28-->src/main/AndroidManifest.xml:26:7-50
29            android:enabled="true"
29-->src/main/AndroidManifest.xml:27:7-29
30            android:exported="false" />
30-->src/main/AndroidManifest.xml:28:7-31
31
32        <receiver
32-->src/main/AndroidManifest.xml:30:5-33:33
33            android:name="expo.modules.backgroundrunner.BackgroundAlarmReceiver"
33-->src/main/AndroidManifest.xml:31:7-46
34            android:enabled="true"
34-->src/main/AndroidManifest.xml:32:7-29
35            android:exported="true" />
35-->src/main/AndroidManifest.xml:33:7-30
36        <receiver
36-->src/main/AndroidManifest.xml:35:5-47:16
37            android:name="expo.modules.backgroundrunner.BackgroundAutostartReceiver"
37-->src/main/AndroidManifest.xml:36:9-52
38            android:exported="true"
38-->src/main/AndroidManifest.xml:37:9-32
39            tools:ignore="ExportedReceiver" >
39-->src/main/AndroidManifest.xml:38:9-40
40            <intent-filter>
40-->src/main/AndroidManifest.xml:40:7-42:23
41                <action android:name="expo.backgroundrunner.RESTART" />
41-->src/main/AndroidManifest.xml:41:9-64
41-->src/main/AndroidManifest.xml:41:17-61
42            </intent-filter>
43            <intent-filter>
43-->src/main/AndroidManifest.xml:44:7-46:23
44                <action android:name="android.intent.action.BOOT_COMPLETED" />
44-->src/main/AndroidManifest.xml:45:9-71
44-->src/main/AndroidManifest.xml:45:17-68
45            </intent-filter>
46        </receiver>
47    </application>
48
49</manifest>